<?xml version="1.0" encoding="UTF-8"?>
<!-- Generated by org.testng.reporters.JUnitReportReporter -->
<testsuite hostname="DESKTOP-FUBHOCE" failures="0" tests="13" name="Tests.DoctorCornerTest" time="2132.703" errors="0" timestamp="2025-10-12T15:27:09 AST" skipped="0">
  <testcase classname="Tests.DoctorCornerTest" name="DoctorCorner_DoctorPicks_FilterFromHomeage" time="77.028"/>
  <system-out/>
  <testcase classname="Tests.DoctorCornerTest" name="DoctorCorner_ProductPurchase" time="283.344"/>
  <system-out/>
  <testcase classname="Tests.DoctorCornerTest" name="DoctorCorner_DoctorPicks_FilterFromHomeage" time="77.957"/>
  <system-out/>
  <testcase classname="Tests.DoctorCornerTest" name="DoctorCorner_ProductPurchase" time="213.024"/>
  <system-out/>
  <testcase classname="Tests.DoctorCornerTest" name="DoctorCorner_DoctorPicks_FilterFromHomeage" time="79.782"/>
  <system-out/>
  <testcase classname="Tests.DoctorCornerTest" name="DoctorCorner_DoctorPicks_FilterFromHomeage" time="78.074"/>
  <system-out/>
  <testcase classname="Tests.DoctorCornerTest" name="DoctorCorner_ProductPurchase" time="250.800"/>
  <system-out/>
  <testcase classname="Tests.DoctorCornerTest" name="DoctorCorner_ProductPurchase" time="208.451"/>
  <system-out/>
  <testcase classname="Tests.DoctorCornerTest" name="DoctorCorner_DoctorShelves_FilterFromMainPage" time="83.198"/>
  <system-out/>
  <testcase classname="Tests.DoctorCornerTest" name="DoctorCorner_ProductPurchase" time="247.324"/>
  <system-out/>
  <testcase classname="Tests.DoctorCornerTest" name="DoctorCorner_DoctorPicks_FilterFromHomeage" time="77.442"/>
  <system-out/>
  <testcase classname="Tests.DoctorCornerTest" name="DoctorCorner_ProductPurchase" time="267.570"/>
  <system-out/>
  <testcase classname="Tests.DoctorCornerTest" name="DoctorCorner_ProductPurchase" time="188.709"/>
  <system-out/>
</testsuite> <!-- Tests.DoctorCornerTest -->
