<?xml version="1.0" encoding="UTF-8"?>
<!-- Generated by org.testng.reporters.JUnitReportReporter -->
<testsuite hostname="DESKTOP-FUBHOCE" failures="0" tests="2" name="Tests.AdminDoctorAppointmentTest" time="551.215" errors="0" timestamp="2026-01-25T10:13:50 AST" skipped="0">
  <testcase classname="Tests.AdminDoctorAppointmentTest" name="AdminDoctorAppointment_Cancel_VISA" time="303.278"/>
  <system-out/>
  <testcase classname="Tests.AdminDoctorAppointmentTest" name="AdminDoctorAppointment_Cancel_KNET" time="247.937"/>
  <system-out/>
</testsuite> <!-- Tests.AdminDoctorAppointmentTest -->
