<?xml version="1.0" encoding="UTF-8"?>
<!-- Generated by org.testng.reporters.JUnitReportReporter -->
<testsuite hostname="DESKTOP-FUBHOCE" failures="0" tests="2" name="Tests.ShopOnlineTest" time="513.722" errors="0" timestamp="2025-10-19T11:10:25 AST" skipped="0">
  <testcase classname="Tests.ShopOnlineTest" name="ShopOnline_MedicalEquipment" time="257.458"/>
  <system-out/>
  <testcase classname="Tests.ShopOnlineTest" name="ShopOnline_PurchaseFromShopOnlineMain" time="256.264"/>
  <system-out/>
</testsuite> <!-- Tests.ShopOnlineTest -->
