<?xml version="1.0" encoding="UTF-8"?>
<!-- Generated by org.testng.reporters.JUnitReportReporter -->
<testsuite hostname="DESKTOP-FUBHOCE" failures="0" tests="4" name="Tests.MyAccountTest" time="523.031" errors="0" timestamp="2026-01-20T10:00:42 AST" skipped="0">
  <testcase classname="Tests.MyAccountTest" name="ePrescription" time="64.587"/>
  <system-out/>
  <testcase classname="Tests.MyAccountTest" name="profile" time="81.524"/>
  <system-out/>
  <testcase classname="Tests.MyAccountTest" name="favorites" time="314.744"/>
  <system-out/>
  <testcase classname="Tests.MyAccountTest" name="appointment" time="62.176"/>
  <system-out/>
</testsuite> <!-- Tests.MyAccountTest -->
