<?xml version="1.0" encoding="UTF-8"?>
<!-- Generated by org.testng.reporters.JUnitReportReporter -->
<testsuite hostname="DESKTOP-FUBHOCE" failures="0" tests="5" name="Tests.AdminOrderTest" time="1650.418" errors="0" timestamp="2026-04-23T12:27:12 AST" skipped="0">
  <testcase classname="Tests.AdminOrderTest" name="AdminOrder_OrderSummary" time="320.699"/>
  <system-out/>
  <testcase classname="Tests.AdminOrderTest" name="AdminOrder_Cancel_Promotion" time="387.247"/>
  <system-out/>
  <testcase classname="Tests.AdminOrderTest" name="AdminOrder_CashReceived" time="308.646"/>
  <system-out/>
  <testcase classname="Tests.AdminOrderTest" name="AdminOrder_PaymentInfo" time="320.858"/>
  <system-out/>
  <testcase classname="Tests.AdminOrderTest" name="AdminOrder_AddItem" time="312.968"/>
  <system-out/>
</testsuite> <!-- Tests.AdminOrderTest -->
