<?xml version="1.0" encoding="UTF-8"?>
<!-- Generated by org.testng.reporters.JUnitReportReporter -->
<testsuite hostname="DESKTOP-FUBHOCE" failures="0" tests="13" name="Tests.DoctorCornerTest" time="2108.356" errors="0" timestamp="2026-01-21T14:16:05 AST" skipped="0">
  <testcase classname="Tests.DoctorCornerTest" name="DoctorCorner_ProductPurchase" time="185.058"/>
  <system-out/>
  <testcase classname="Tests.DoctorCornerTest" name="DoctorCorner_DoctorPicks_FilterFromHomeage" time="74.519"/>
  <system-out/>
  <testcase classname="Tests.DoctorCornerTest" name="DoctorCorner_ProductPurchase" time="276.537"/>
  <system-out/>
  <testcase classname="Tests.DoctorCornerTest" name="DoctorCorner_DoctorPicks_FilterFromHomeage" time="75.483"/>
  <system-out/>
  <testcase classname="Tests.DoctorCornerTest" name="DoctorCorner_DoctorPicks_FilterFromHomeage" time="74.720"/>
  <system-out/>
  <testcase classname="Tests.DoctorCornerTest" name="DoctorCorner_ProductPurchase" time="248.113"/>
  <system-out/>
  <testcase classname="Tests.DoctorCornerTest" name="DoctorCorner_DoctorPicks_FilterFromHomeage" time="74.742"/>
  <system-out/>
  <testcase classname="Tests.DoctorCornerTest" name="DoctorCorner_ProductPurchase" time="205.853"/>
  <system-out/>
  <testcase classname="Tests.DoctorCornerTest" name="DoctorCorner_DoctorShelves_FilterFromMainPage" time="92.156"/>
  <system-out/>
  <testcase classname="Tests.DoctorCornerTest" name="DoctorCorner_ProductPurchase" time="215.097"/>
  <system-out/>
  <testcase classname="Tests.DoctorCornerTest" name="DoctorCorner_DoctorPicks_FilterFromHomeage" time="76.856"/>
  <system-out/>
  <testcase classname="Tests.DoctorCornerTest" name="DoctorCorner_ProductPurchase" time="248.749"/>
  <system-out/>
  <testcase classname="Tests.DoctorCornerTest" name="DoctorCorner_ProductPurchase" time="260.473"/>
  <system-out/>
</testsuite> <!-- Tests.DoctorCornerTest -->
