<?xml version="1.0" encoding="UTF-8"?>
<!-- Generated by org.testng.reporters.JUnitReportReporter -->
<testsuite hostname="DESKTOP-FUBHOCE" failures="0" tests="5" name="Tests.OffersTest" time="719.746" errors="0" timestamp="2026-04-20T12:10:51 AST" skipped="0">
  <testcase classname="Tests.OffersTest" name="Offer_Category" time="75.217"/>
  <system-out/>
  <testcase classname="Tests.OffersTest" name="Offer_Search" time="78.997"/>
  <system-out/>
  <testcase classname="Tests.OffersTest" name="Offer_MedicalService" time="225.710"/>
  <system-out/>
  <testcase classname="Tests.OffersTest" name="Offer_MedicalService" time="153.259"/>
  <system-out/>
  <testcase classname="Tests.OffersTest" name="Offer_MedicalService" time="186.563"/>
  <system-out/>
</testsuite> <!-- Tests.OffersTest -->
