<?xml version="1.0" encoding="UTF-8"?>
<!-- Generated by org.testng.reporters.JUnitReportReporter -->
<testsuite hostname="DESKTOP-FUBHOCE" failures="0" tests="4" name="Tests.HospitalsAndClinicsTest" time="337.881" errors="0" timestamp="2026-04-19T11:03:35 AST" skipped="0">
  <testcase classname="Tests.HospitalsAndClinicsTest" name="HospitalsAndClinics_FilterFromMainPage" time="84.492"/>
  <system-out/>
  <testcase classname="Tests.HospitalsAndClinicsTest" name="HospitalsAndClinics_FilterFromMainPage" time="87.659"/>
  <system-out/>
  <testcase classname="Tests.HospitalsAndClinicsTest" name="HospitalsAndClinics_FilterFromMainPage" time="83.141"/>
  <system-out/>
  <testcase classname="Tests.HospitalsAndClinicsTest" name="HospitalsAndClinics_FilterFromMainPage" time="82.589"/>
  <system-out/>
</testsuite> <!-- Tests.HospitalsAndClinicsTest -->
