<?xml version="1.0" encoding="UTF-8"?>
<!-- Generated by org.testng.reporters.JUnitReportReporter -->
<testsuite hostname="DESKTOP-FUBHOCE" failures="0" tests="2" name="Tests.AdminLabAppointmentTest" time="231.741" errors="0" timestamp="2025-11-13T14:53:47 AST" skipped="0">
  <testcase classname="Tests.AdminLabAppointmentTest" name="AdminLabAppointment_CreateAppointment" time="113.013"/>
  <system-out/>
  <testcase classname="Tests.AdminLabAppointmentTest" name="AdminLabAppointment_CreateWalkIn" time="118.728"/>
  <system-out/>
</testsuite> <!-- Tests.AdminLabAppointmentTest -->
