<?xml version="1.0" encoding="UTF-8"?>
<!-- Generated by org.testng.reporters.JUnitReportReporter -->
<testsuite hostname="DESKTOP-FUBHOCE" failures="0" tests="5" name="Tests.AdminOrderTest" time="1648.176" errors="0" timestamp="2026-01-25T09:22:14 AST" skipped="0">
  <testcase classname="Tests.AdminOrderTest" name="AdminOrder_PaymentInfo" time="318.972"/>
  <system-out/>
  <testcase classname="Tests.AdminOrderTest" name="AdminOrder_OrderSummary" time="319.009"/>
  <system-out/>
  <testcase classname="Tests.AdminOrderTest" name="AdminOrder_CashReceived" time="309.571"/>
  <system-out/>
  <testcase classname="Tests.AdminOrderTest" name="AdminOrder_AddItem" time="316.211"/>
  <system-out/>
  <testcase classname="Tests.AdminOrderTest" name="AdminOrder_Cancel_Promotion" time="384.413"/>
  <system-out/>
</testsuite> <!-- Tests.AdminOrderTest -->
