<?xml version="1.0" encoding="UTF-8"?>
<!-- Generated by org.testng.reporters.JUnitReportReporter -->
<testsuite hostname="DESKTOP-FUBHOCE" failures="0" tests="7" name="Tests.SearchTest" time="1010.255" errors="0" timestamp="2026-01-20T10:40:39 AST" skipped="0">
  <testcase classname="Tests.SearchTest" name="Search" time="60.295"/>
  <system-out/>
  <testcase classname="Tests.SearchTest" name="Search_BookDoctorAppointment_HospitalsAndClinic" time="229.678"/>
  <system-out/>
  <testcase classname="Tests.SearchTest" name="Search" time="59.601"/>
  <system-out/>
  <testcase classname="Tests.SearchTest" name="Search_BookDoctorAppointment_HospitalsAndClinic" time="188.482"/>
  <system-out/>
  <testcase classname="Tests.SearchTest" name="Search_BookMedicalService" time="176.358"/>
  <system-out/>
  <testcase classname="Tests.SearchTest" name="Search_BookDoctorAppointment_HospitalsAndClinic" time="231.658"/>
  <system-out/>
  <testcase classname="Tests.SearchTest" name="Search" time="64.183"/>
  <system-out/>
</testsuite> <!-- Tests.SearchTest -->
