<?xml version="1.0" encoding="UTF-8"?>
<!-- Generated by org.testng.reporters.JUnitReportReporter -->
<testsuite hostname="DESKTOP-FUBHOCE" failures="0" tests="16" name="Tests.AdminDoctorAppointmentTest" time="6270.313" errors="0" timestamp="2025-10-14T15:31:14 AST" skipped="0">
  <testcase classname="Tests.AdminDoctorAppointmentTest" name="AdminDoctorAppointment_REFERRAL_DOCTOR_To_LAB" time="525.714"/>
  <system-out/>
  <testcase classname="Tests.AdminDoctorAppointmentTest" name="AdminDoctorAppointment_REFERRAL_SALAMTEK_To_PHARMACY" time="313.789"/>
  <system-out/>
  <testcase classname="Tests.AdminDoctorAppointmentTest" name="AdminDoctorAppointment_ConductTest" time="297.514"/>
  <system-out/>
  <testcase classname="Tests.AdminDoctorAppointmentTest" name="AdminDoctorAppointment_REFERRAL_DOCTOR_To_PHARMACY" time="511.058"/>
  <system-out/>
  <testcase classname="Tests.AdminDoctorAppointmentTest" name="AdminDoctorAppointment_REFERRAL_SALAMTEK_To_LAB" time="269.297"/>
  <system-out/>
  <testcase classname="Tests.AdminDoctorAppointmentTest" name="AdminDoctorAppointment_REFERRAL_DOCTOR_To_PHARMACY" time="435.365"/>
  <system-out/>
  <testcase classname="Tests.AdminDoctorAppointmentTest" name="AdminDoctorAppointment_REFERRAL_SALAMTEK_To_PHARMACY" time="288.745"/>
  <system-out/>
  <testcase classname="Tests.AdminDoctorAppointmentTest" name="AdminDoctorAppointment_REFERRAL_DOCTOR_To_PHARMACY" time="505.324"/>
  <system-out/>
  <testcase classname="Tests.AdminDoctorAppointmentTest" name="AdminDoctorAppointment_REFERRAL_SALAMTEK_To_DOCTOR" time="228.443"/>
  <system-out/>
  <testcase classname="Tests.AdminDoctorAppointmentTest" name="AdminDoctorAppointment_REFERRAL_DOCTOR_To_LAB" time="536.119"/>
  <system-out/>
  <testcase classname="Tests.AdminDoctorAppointmentTest" name="AdminDoctorAppointment_CashReceived" time="189.597"/>
  <system-out/>
  <testcase classname="Tests.AdminDoctorAppointmentTest" name="AdminDoctorAppointment_REFERRAL_DOCTOR_To_LAB" time="465.492"/>
  <system-out/>
  <testcase classname="Tests.AdminDoctorAppointmentTest" name="AdminDoctorAppointment_REFERRAL_SALAMTEK_To_DOCTOR" time="228.760"/>
  <system-out/>
  <testcase classname="Tests.AdminDoctorAppointmentTest" name="AdminDoctorAppointment_REFERRAL_DOCTOR_To_LAB" time="611.035"/>
  <system-out/>
  <testcase classname="Tests.AdminDoctorAppointmentTest" name="AdminDoctorAppointment_REFERRAL_DOCTOR_To_PHARMACY" time="584.166"/>
  <system-out/>
  <testcase classname="Tests.AdminDoctorAppointmentTest" name="AdminDoctorAppointment_REFERRAL_SALAMTEK_To_LAB" time="279.895"/>
  <system-out/>
</testsuite> <!-- Tests.AdminDoctorAppointmentTest -->
