<?xml version="1.0" encoding="UTF-8"?>
<!-- Generated by org.testng.reporters.JUnitReportReporter -->
<testsuite hostname="DESKTOP-FUBHOCE" failures="0" tests="2" name="Tests.AdminLabAppointmentTest" time="775.660" errors="0" timestamp="2026-04-23T14:41:49 AST" skipped="0">
  <testcase classname="Tests.AdminLabAppointmentTest" name="AdminLabAppointment_Insurance" time="408.301"/>
  <system-out/>
  <testcase classname="Tests.AdminLabAppointmentTest" name="AdminLabAppointment_Cancel_VISA" time="367.359"/>
  <system-out/>
</testsuite> <!-- Tests.AdminLabAppointmentTest -->
