<?xml version="1.0" encoding="UTF-8"?>
<!-- Generated by org.testng.reporters.JUnitReportReporter -->
<testsuite hostname="DESKTOP-FUBHOCE" failures="0" tests="4" name="Tests.HospitalsAndClinicsTest" time="323.169" errors="0" timestamp="2025-05-21T09:14:52 AST" skipped="0">
  <testcase classname="Tests.HospitalsAndClinicsTest" name="HospitalsAndClinics_FilterFromMainPage" time="80.497"/>
  <system-out/>
  <testcase classname="Tests.HospitalsAndClinicsTest" name="HospitalsAndClinics_FilterFromMainPage" time="80.018"/>
  <system-out/>
  <testcase classname="Tests.HospitalsAndClinicsTest" name="HospitalsAndClinics_FilterFromMainPage" time="82.358"/>
  <system-out/>
  <testcase classname="Tests.HospitalsAndClinicsTest" name="HospitalsAndClinics_FilterFromMainPage" time="80.296"/>
  <system-out/>
</testsuite> <!-- Tests.HospitalsAndClinicsTest -->
